<?xml version="1.0" encoding="UTF-8"?>
<!-- Generated by org.testng.reporters.JUnitReportReporter -->
<testsuite skipped="0" hostname="DESKTOP-BL03I3N" name="com.training.sanity.tests.RTTC_079_AddCategory_Product" tests="2" failures="0" timestamp="16 Jul 2019 09:10:53 GMT" time="17.476" errors="0">
  <testcase name="LoginTest" time="8.312" classname="com.training.sanity.tests.RTTC_079_AddCategory_Product"/>
  <testcase name="AddCategoryNProduct" time="9.164" classname="com.training.sanity.tests.RTTC_079_AddCategory_Product"/>
</testsuite> <!-- com.training.sanity.tests.RTTC_079_AddCategory_Product -->
