<?xml version="1.0" encoding="UTF-8"?>
<!-- Generated by org.testng.reporters.JUnitReportReporter -->
<testsuite skipped="0" hostname="DESKTOP-BL03I3N" name="com.training.sanity.tests.RTTC_081_ReturnNDeleteProd_UpdateDB" tests="2" failures="0" timestamp="18 Jul 2019 09:15:52 GMT" time="24.322" errors="0">
  <testcase name="returnNDeleteProd" time="8.655" classname="com.training.sanity.tests.RTTC_081_ReturnNDeleteProd_UpdateDB"/>
  <testcase name="LoginTest" time="15.667" classname="com.training.sanity.tests.RTTC_081_ReturnNDeleteProd_UpdateDB"/>
</testsuite> <!-- com.training.sanity.tests.RTTC_081_ReturnNDeleteProd_UpdateDB -->
