<?xml version="1.0" encoding="UTF-8"?>
<!-- Generated by org.testng.reporters.JUnitReportReporter -->
<testsuite skipped="0" hostname="DESKTOP-BL03I3N" name="com.training.sanity.tests.RTTC_080_UserOrder_AdminChangeStatus" tests="1" failures="0" timestamp="17 Jul 2019 07:52:05 GMT" time="50.020" errors="0">
  <testcase name="userOrder" time="50.020" classname="com.training.sanity.tests.RTTC_080_UserOrder_AdminChangeStatus"/>
</testsuite> <!-- com.training.sanity.tests.RTTC_080_UserOrder_AdminChangeStatus -->
