<?xml version="1.0" encoding="UTF-8"?>
<!-- Generated by org.testng.reporters.JUnitReportReporter -->
<testsuite skipped="0" hostname="DESKTOP-BL03I3N" name="com.training.sanity.tests.RTTC_081_ReturnNDeleteProd_UpdateDB" tests="2" failures="0" timestamp="19 Jul 2019 11:15:21 GMT" time="30.934" errors="0">
  <testcase name="returnNDeleteProd" time="9.089" classname="com.training.sanity.tests.RTTC_081_ReturnNDeleteProd_UpdateDB"/>
  <testcase name="LoginTest" time="21.845" classname="com.training.sanity.tests.RTTC_081_ReturnNDeleteProd_UpdateDB"/>
</testsuite> <!-- com.training.sanity.tests.RTTC_081_ReturnNDeleteProd_UpdateDB -->
