<?xml version="1.0" encoding="UTF-8"?>
<!-- Generated by org.testng.reporters.JUnitReportReporter -->
<testsuite skipped="0" hostname="DESKTOP-BL03I3N" name="com.training.regression.tests.LoginDBTest" tests="1" failures="0" timestamp="15 Jul 2019 05:24:58 GMT" time="29.331" errors="0">
  <testcase name="loginDBTest" time="29.331" classname="com.training.regression.tests.LoginDBTest"/>
</testsuite> <!-- com.training.regression.tests.LoginDBTest -->
